<?xml version="1.0" encoding="UTF-8"?>
<!-- Generated by org.testng.reporters.JUnitReportReporter -->
<testsuite skipped="0" hostname="Barath-PC" name="tests.selenium.TC003_CreateIncidentUsingRestAndVerifyUsingSelenium" tests="1" failures="0" timestamp="2020-04-26T12:51:52 IST" time="75.980" errors="0">
  <testcase name="createIncident" time="75.980" classname="tests.selenium.TC003_CreateIncidentUsingRestAndVerifyUsingSelenium"/>
  <system-out/>
</testsuite> <!-- tests.selenium.TC003_CreateIncidentUsingRestAndVerifyUsingSelenium -->
