<?xml version="1.0" encoding="UTF-8"?>
<!-- Generated by org.testng.reporters.JUnitReportReporter -->
<testsuite skipped="0" hostname="Barath-PC" name="tests.rest.TC002_DeleteFirstIncident" tests="1" failures="0" timestamp="2020-04-26T12:37:13 IST" time="12.919" errors="0">
  <testcase name="deleteIncident" time="12.919" classname="tests.rest.TC002_DeleteFirstIncident"/>
  <system-out/>
</testsuite> <!-- tests.rest.TC002_DeleteFirstIncident -->
