<?xml version="1.0" encoding="UTF-8"?>
<!-- Generated by org.testng.reporters.JUnitReportReporter -->
<testsuite skipped="0" hostname="Barath-PC" name="tests.rest.TC001_CreateIncident" tests="1" failures="0" timestamp="2020-04-26T12:37:13 IST" time="13.136" errors="0">
  <testcase name="createIncident" time="13.136" classname="tests.rest.TC001_CreateIncident"/>
  <system-out/>
</testsuite> <!-- tests.rest.TC001_CreateIncident -->
